2020-04-06 13:43:10,854 INFO Script started
2020-04-06 13:43:10,855 INFO Reddit initialized
2020-04-06 13:43:10,855 INFO Telegram initialized
2020-04-06 13:43:10,996 INFO Bot running
2020-04-06 13:43:11,057 INFO Startup routine completed
2020-04-06 13:43:15,206 ERROR Error while getting Updates: Conflict: terminated by other getUpdates request; make sure that only one bot instance is running
2020-04-06 13:43:15,410 ERROR Update "None" caused error "Conflict: terminated by other getUpdates request; make sure that only one bot instance is running"
2020-04-06 13:43:20,789 ERROR Error while getting Updates: Conflict: terminated by other getUpdates request; make sure that only one bot instance is running
2020-04-06 13:43:21,022 ERROR Update "None" caused error "Conflict: terminated by other getUpdates request; make sure that only one bot instance is running"
2020-04-06 13:44:11,166 INFO Cleaning posted data...
2020-04-06 13:44:11,167 INFO Cleaning discarded data...
2020-04-06 13:48:05,000 INFO Preloading memes routine begins
2020-04-06 13:48:05,000 INFO Fetching new memes...
2020-04-06 13:48:07,921 INFO 169 posts found!
2020-04-06 13:48:07,922 INFO No meme has been posted before!
2020-04-06 13:48:08,471 INFO Memes fetched
2020-04-06 13:48:08,471 INFO Posts found
2020-04-06 13:48:08,471 INFO Post in queue url: https://i.redd.it/v1b84pd6s5r41.jpg id: fvv2hw
2020-04-06 13:48:08,475 INFO Preloading memes routine completed
2020-04-06 13:50:05,001 INFO Sending memes routine begins
2020-04-06 13:50:05,001 INFO Sending image with url https://i.redd.it/v1b84pd6s5r41.jpg
2020-04-06 13:50:05,207 INFO Image sent
2020-04-06 13:50:05,208 INFO Posted list saved
2020-04-06 13:50:05,211 INFO Sending memes routine completed
2020-04-06 13:53:05,000 INFO Preloading memes routine begins
2020-04-06 13:53:05,000 INFO Fetching new memes...
2020-04-06 13:53:07,731 INFO 169 posts found!
2020-04-06 13:53:08,174 INFO Post fvv2hw has no caption
2020-04-06 13:53:08,174 INFO Post id fvv2hw has already been posted
2020-04-06 13:53:08,526 INFO Post fvuo4d has no caption
2020-04-06 13:53:08,526 INFO Memes fetched
2020-04-06 13:53:08,526 INFO Posts found
2020-04-06 13:53:08,526 INFO Post in queue url: https://i.redd.it/3mnpqt72m5r41.jpg id: fvuo4d
2020-04-06 13:53:08,530 INFO Preloading memes routine completed
2020-04-06 13:55:05,012 INFO Sending memes routine begins
2020-04-06 13:55:05,012 INFO Sending image with url https://i.redd.it/3mnpqt72m5r41.jpg
2020-04-06 13:55:05,113 INFO Image sent
2020-04-06 13:55:05,113 INFO Posted list saved
2020-04-06 13:55:05,118 INFO Sending memes routine completed
2020-04-06 13:58:05,000 INFO Preloading memes routine begins
2020-04-06 13:58:05,000 INFO Fetching new memes...
2020-04-06 13:58:07,751 INFO 170 posts found!
2020-04-06 13:58:08,180 INFO Post fvv2hw has no caption
2020-04-06 13:58:08,180 INFO Post id fvv2hw has already been posted
2020-04-06 13:58:08,687 INFO Memes fetched
2020-04-06 13:58:08,687 INFO Posts found
2020-04-06 13:58:08,687 INFO Post in queue url: https://i.redd.it/rpcvxi2106r41.png id: fvvka5
2020-04-06 13:58:08,689 INFO Preloading memes routine completed
2020-04-06 14:00:05,000 INFO Sending memes routine begins
2020-04-06 14:00:05,000 INFO Sending image with url https://i.redd.it/rpcvxi2106r41.png
2020-04-06 14:00:05,364 INFO Image sent
2020-04-06 14:00:05,367 INFO Posted list saved
2020-04-06 14:00:05,374 INFO Sending memes routine completed
2020-04-06 14:03:05,011 INFO Preloading memes routine begins
2020-04-06 14:03:05,012 INFO Fetching new memes...
2020-04-06 14:03:08,241 INFO 170 posts found!
2020-04-06 14:03:08,679 INFO Post fvv2hw has no caption
2020-04-06 14:03:08,679 INFO Post id fvv2hw has already been posted
2020-04-06 14:03:09,174 INFO Post id fvvka5 has already been posted
2020-04-06 14:03:09,547 INFO Post fvuo4d has no caption
2020-04-06 14:03:09,547 INFO Post id fvuo4d has already been posted
2020-04-06 14:03:10,106 INFO Memes fetched
2020-04-06 14:03:10,106 INFO Posts found
2020-04-06 14:03:10,106 INFO Post in queue url: https://i.redd.it/tc6y35v0e5r41.png id: fvu4wy
2020-04-06 14:03:10,107 INFO Preloading memes routine completed
2020-04-06 14:05:05,011 INFO Sending memes routine begins
2020-04-06 14:05:05,011 INFO Sending image with url https://i.redd.it/tc6y35v0e5r41.png
2020-04-06 14:05:05,126 INFO Image sent
2020-04-06 14:05:05,127 INFO Posted list saved
2020-04-06 14:05:05,133 INFO Sending memes routine completed
